This file contains any messages produced by compilers while
running configure, to aid debugging if configure makes a mistake.

It was created by libposix-aio configure 0.8.1, which was
generated by GNU Autoconf 2.59.  Invocation command line was

  $ ./configure 

## --------- ##
## Platform. ##
## --------- ##

hostname = dev
uname -m = x86_64
uname -r = 3.8.0-31-generic
uname -s = Linux
uname -v = #46-Ubuntu SMP Tue Sep 10 20:03:44 UTC 2013

/usr/bin/uname -p = unknown
/bin/uname -X     = unknown

/bin/arch              = unknown
/usr/bin/arch -k       = unknown
/usr/convex/getsysinfo = unknown
hostinfo               = unknown
/bin/machine           = unknown
/usr/bin/oslevel       = unknown
/bin/universe          = unknown

PATH: /data/env/bin
PATH: /home/vynguyen/bin
PATH: /home/vynguyen/bin
PATH: /usr/local/sbin
PATH: /usr/local/bin
PATH: /usr/sbin
PATH: /usr/bin
PATH: /sbin
PATH: /bin
PATH: /usr/games
PATH: /usr/local/games
PATH: /home/vynguyen/bin
PATH: /home/vynguyen/bin


## ----------- ##
## Core tests. ##
## ----------- ##

configure:1565: checking for a BSD-compatible install
configure:1620: result: /usr/bin/install -c
configure:1631: checking whether build environment is sane
configure:1674: result: yes
configure:1739: checking for gawk
configure:1755: found /usr/bin/gawk
configure:1765: result: gawk
configure:1775: checking whether make sets $(MAKE)
configure:1795: result: yes
configure:2042: checking build system type
configure:2060: result: x86_64-unknown-linux-gnu
configure:2068: checking host system type
configure:2082: result: x86_64-unknown-linux-gnu
configure:2102: checking for style of include used by make
configure:2130: result: GNU
configure:2201: checking for gcc
configure:2217: found /usr/bin/gcc
configure:2227: result: gcc
configure:2471: checking for C compiler version
configure:2474: gcc --version </dev/null >&5
gcc (Ubuntu/Linaro 4.7.3-1ubuntu1) 4.7.3
Copyright (C) 2012 Free Software Foundation, Inc.
This is free software; see the source for copying conditions.  There is NO
warranty; not even for MERCHANTABILITY or FITNESS FOR A PARTICULAR PURPOSE.

configure:2477: $? = 0
configure:2479: gcc -v </dev/null >&5
Using built-in specs.
COLLECT_GCC=gcc
COLLECT_LTO_WRAPPER=/usr/lib/gcc/x86_64-linux-gnu/4.7/lto-wrapper
Target: x86_64-linux-gnu
Configured with: ../src/configure -v --with-pkgversion='Ubuntu/Linaro 4.7.3-1ubuntu1' --with-bugurl=file:///usr/share/doc/gcc-4.7/README.Bugs --enable-languages=c,c++,go,fortran,objc,obj-c++ --prefix=/usr --program-suffix=-4.7 --enable-shared --enable-linker-build-id --libexecdir=/usr/lib --without-included-gettext --enable-threads=posix --with-gxx-include-dir=/usr/include/c++/4.7 --libdir=/usr/lib --enable-nls --with-sysroot=/ --enable-clocale=gnu --enable-libstdcxx-debug --enable-libstdcxx-time=yes --enable-gnu-unique-object --enable-plugin --with-system-zlib --enable-objc-gc --with-cloog --enable-cloog-backend=ppl --disable-cloog-version-check --disable-ppl-version-check --enable-multiarch --disable-werror --with-arch-32=i686 --with-abi=m64 --with-multilib-list=m32,m64,mx32 --with-tune=generic --enable-checking=release --build=x86_64-linux-gnu --host=x86_64-linux-gnu --target=x86_64-linux-gnu
Thread model: posix
gcc version 4.7.3 (Ubuntu/Linaro 4.7.3-1ubuntu1) 
configure:2482: $? = 0
configure:2484: gcc -V </dev/null >&5
gcc: error: unrecognized command line option '-V'
gcc: fatal error: no input files
compilation terminated.
configure:2487: $? = 4
configure:2510: checking for C compiler default output file name
configure:2513: gcc    conftest.c  >&5
configure:2516: $? = 0
configure:2562: result: a.out
configure:2567: checking whether the C compiler works
configure:2573: ./a.out
configure:2576: $? = 0
configure:2593: result: yes
configure:2600: checking whether we are cross compiling
configure:2602: result: no
configure:2605: checking for suffix of executables
configure:2607: gcc -o conftest    conftest.c  >&5
configure:2610: $? = 0
configure:2635: result: 
configure:2641: checking for suffix of object files
configure:2662: gcc -c   conftest.c >&5
configure:2665: $? = 0
configure:2687: result: o
configure:2691: checking whether we are using the GNU C compiler
configure:2715: gcc -c   conftest.c >&5
configure:2721: $? = 0
configure:2725: test -z 
			 || test ! -s conftest.err
configure:2728: $? = 0
configure:2731: test -s conftest.o
configure:2734: $? = 0
configure:2747: result: yes
configure:2753: checking whether gcc accepts -g
configure:2774: gcc -c -g  conftest.c >&5
configure:2780: $? = 0
configure:2784: test -z 
			 || test ! -s conftest.err
configure:2787: $? = 0
configure:2790: test -s conftest.o
configure:2793: $? = 0
configure:2804: result: yes
configure:2821: checking for gcc option to accept ANSI C
configure:2891: gcc  -c -g -O2  conftest.c >&5
configure:2897: $? = 0
configure:2901: test -z 
			 || test ! -s conftest.err
configure:2904: $? = 0
configure:2907: test -s conftest.o
configure:2910: $? = 0
configure:2928: result: none needed
configure:2946: gcc -c -g -O2  conftest.c >&5
conftest.c:2:3: error: unknown type name 'choke'
conftest.c:2:3: error: expected '=', ',', ';', 'asm' or '__attribute__' at end of input
configure:2952: $? = 1
configure: failed program was:
| #ifndef __cplusplus
|   choke me
| #endif
configure:3087: checking dependency style of gcc
configure:3177: result: gcc3
configure:3194: checking for a sed that does not truncate output
configure:3248: result: /bin/sed
configure:3251: checking for egrep
configure:3261: result: grep -E
configure:3277: checking for ld used by gcc
configure:3344: result: /usr/bin/ld
configure:3353: checking if the linker (/usr/bin/ld) is GNU ld
configure:3368: result: yes
configure:3373: checking for /usr/bin/ld option to reload object files
configure:3380: result: -r
configure:3398: checking for BSD-compatible nm
configure:3447: result: /usr/bin/nm -B
configure:3451: checking whether ln -s works
configure:3455: result: yes
configure:3462: checking how to recognise dependent libraries
configure:3638: result: pass_all
configure:3726: gcc -c -g -O2  conftest.c >&5
configure:3729: $? = 0
configure:3875: checking how to run the C preprocessor
configure:3910: gcc -E  conftest.c
configure:3916: $? = 0
configure:3948: gcc -E  conftest.c
conftest.c:11:28: fatal error: ac_nonexistent.h: No such file or directory
compilation terminated.
configure:3954: $? = 1
configure: failed program was:
| /* confdefs.h.  */
| 
| #define PACKAGE_NAME "libposix-aio"
| #define PACKAGE_TARNAME "libposix-aio"
| #define PACKAGE_VERSION "0.8.1"
| #define PACKAGE_STRING "libposix-aio 0.8.1"
| #define PACKAGE_BUGREPORT "Sebastien.Dugue@bull.net"
| #define PACKAGE "libposix-aio"
| #define VERSION "0.8.1"
| /* end confdefs.h.  */
| #include <ac_nonexistent.h>
configure:3993: result: gcc -E
configure:4017: gcc -E  conftest.c
configure:4023: $? = 0
configure:4055: gcc -E  conftest.c
conftest.c:11:28: fatal error: ac_nonexistent.h: No such file or directory
compilation terminated.
configure:4061: $? = 1
configure: failed program was:
| /* confdefs.h.  */
| 
| #define PACKAGE_NAME "libposix-aio"
| #define PACKAGE_TARNAME "libposix-aio"
| #define PACKAGE_VERSION "0.8.1"
| #define PACKAGE_STRING "libposix-aio 0.8.1"
| #define PACKAGE_BUGREPORT "Sebastien.Dugue@bull.net"
| #define PACKAGE "libposix-aio"
| #define VERSION "0.8.1"
| /* end confdefs.h.  */
| #include <ac_nonexistent.h>
configure:4105: checking for ANSI C header files
configure:4130: gcc -c -g -O2  conftest.c >&5
configure:4136: $? = 0
configure:4140: test -z 
			 || test ! -s conftest.err
configure:4143: $? = 0
configure:4146: test -s conftest.o
configure:4149: $? = 0
configure:4238: gcc -o conftest -g -O2   conftest.c  >&5
conftest.c: In function 'main':
conftest.c:28:7: warning: incompatible implicit declaration of built-in function 'exit' [enabled by default]
configure:4241: $? = 0
configure:4243: ./conftest
configure:4246: $? = 0
configure:4261: result: yes
configure:4285: checking for sys/types.h
configure:4301: gcc -c -g -O2  conftest.c >&5
configure:4307: $? = 0
configure:4311: test -z 
			 || test ! -s conftest.err
configure:4314: $? = 0
configure:4317: test -s conftest.o
configure:4320: $? = 0
configure:4331: result: yes
configure:4285: checking for sys/stat.h
configure:4301: gcc -c -g -O2  conftest.c >&5
configure:4307: $? = 0
configure:4311: test -z 
			 || test ! -s conftest.err
configure:4314: $? = 0
configure:4317: test -s conftest.o
configure:4320: $? = 0
configure:4331: result: yes
configure:4285: checking for stdlib.h
configure:4301: gcc -c -g -O2  conftest.c >&5
configure:4307: $? = 0
configure:4311: test -z 
			 || test ! -s conftest.err
configure:4314: $? = 0
configure:4317: test -s conftest.o
configure:4320: $? = 0
configure:4331: result: yes
configure:4285: checking for string.h
configure:4301: gcc -c -g -O2  conftest.c >&5
configure:4307: $? = 0
configure:4311: test -z 
			 || test ! -s conftest.err
configure:4314: $? = 0
configure:4317: test -s conftest.o
configure:4320: $? = 0
configure:4331: result: yes
configure:4285: checking for memory.h
configure:4301: gcc -c -g -O2  conftest.c >&5
configure:4307: $? = 0
configure:4311: test -z 
			 || test ! -s conftest.err
configure:4314: $? = 0
configure:4317: test -s conftest.o
configure:4320: $? = 0
configure:4331: result: yes
configure:4285: checking for strings.h
configure:4301: gcc -c -g -O2  conftest.c >&5
configure:4307: $? = 0
configure:4311: test -z 
			 || test ! -s conftest.err
configure:4314: $? = 0
configure:4317: test -s conftest.o
configure:4320: $? = 0
configure:4331: result: yes
configure:4285: checking for inttypes.h
configure:4301: gcc -c -g -O2  conftest.c >&5
configure:4307: $? = 0
configure:4311: test -z 
			 || test ! -s conftest.err
configure:4314: $? = 0
configure:4317: test -s conftest.o
configure:4320: $? = 0
configure:4331: result: yes
configure:4285: checking for stdint.h
configure:4301: gcc -c -g -O2  conftest.c >&5
configure:4307: $? = 0
configure:4311: test -z 
			 || test ! -s conftest.err
configure:4314: $? = 0
configure:4317: test -s conftest.o
configure:4320: $? = 0
configure:4331: result: yes
configure:4285: checking for unistd.h
configure:4301: gcc -c -g -O2  conftest.c >&5
configure:4307: $? = 0
configure:4311: test -z 
			 || test ! -s conftest.err
configure:4314: $? = 0
configure:4317: test -s conftest.o
configure:4320: $? = 0
configure:4331: result: yes
configure:4357: checking dlfcn.h usability
configure:4369: gcc -c -g -O2  conftest.c >&5
configure:4375: $? = 0
configure:4379: test -z 
			 || test ! -s conftest.err
configure:4382: $? = 0
configure:4385: test -s conftest.o
configure:4388: $? = 0
configure:4398: result: yes
configure:4402: checking dlfcn.h presence
configure:4412: gcc -E  conftest.c
configure:4418: $? = 0
configure:4438: result: yes
configure:4473: checking for dlfcn.h
configure:4480: result: yes
configure:4545: checking for g++
configure:4561: found /usr/bin/g++
configure:4571: result: g++
configure:4587: checking for C++ compiler version
configure:4590: g++ --version </dev/null >&5
g++ (Ubuntu/Linaro 4.7.3-1ubuntu1) 4.7.3
Copyright (C) 2012 Free Software Foundation, Inc.
This is free software; see the source for copying conditions.  There is NO
warranty; not even for MERCHANTABILITY or FITNESS FOR A PARTICULAR PURPOSE.

configure:4593: $? = 0
configure:4595: g++ -v </dev/null >&5
Using built-in specs.
COLLECT_GCC=g++
COLLECT_LTO_WRAPPER=/usr/lib/gcc/x86_64-linux-gnu/4.7/lto-wrapper
Target: x86_64-linux-gnu
Configured with: ../src/configure -v --with-pkgversion='Ubuntu/Linaro 4.7.3-1ubuntu1' --with-bugurl=file:///usr/share/doc/gcc-4.7/README.Bugs --enable-languages=c,c++,go,fortran,objc,obj-c++ --prefix=/usr --program-suffix=-4.7 --enable-shared --enable-linker-build-id --libexecdir=/usr/lib --without-included-gettext --enable-threads=posix --with-gxx-include-dir=/usr/include/c++/4.7 --libdir=/usr/lib --enable-nls --with-sysroot=/ --enable-clocale=gnu --enable-libstdcxx-debug --enable-libstdcxx-time=yes --enable-gnu-unique-object --enable-plugin --with-system-zlib --enable-objc-gc --with-cloog --enable-cloog-backend=ppl --disable-cloog-version-check --disable-ppl-version-check --enable-multiarch --disable-werror --with-arch-32=i686 --with-abi=m64 --with-multilib-list=m32,m64,mx32 --with-tune=generic --enable-checking=release --build=x86_64-linux-gnu --host=x86_64-linux-gnu --target=x86_64-linux-gnu
Thread model: posix
gcc version 4.7.3 (Ubuntu/Linaro 4.7.3-1ubuntu1) 
configure:4598: $? = 0
configure:4600: g++ -V </dev/null >&5
g++: error: unrecognized command line option '-V'
g++: fatal error: no input files
compilation terminated.
configure:4603: $? = 4
configure:4606: checking whether we are using the GNU C++ compiler
configure:4630: g++ -c   conftest.cc >&5
configure:4636: $? = 0
configure:4640: test -z 
			 || test ! -s conftest.err
configure:4643: $? = 0
configure:4646: test -s conftest.o
configure:4649: $? = 0
configure:4662: result: yes
configure:4668: checking whether g++ accepts -g
configure:4689: g++ -c -g  conftest.cc >&5
configure:4695: $? = 0
configure:4699: test -z 
			 || test ! -s conftest.err
configure:4702: $? = 0
configure:4705: test -s conftest.o
configure:4708: $? = 0
configure:4719: result: yes
configure:4761: g++ -c -g -O2  conftest.cc >&5
configure:4767: $? = 0
configure:4771: test -z 
			 || test ! -s conftest.err
configure:4774: $? = 0
configure:4777: test -s conftest.o
configure:4780: $? = 0
configure:4806: g++ -c -g -O2  conftest.cc >&5
conftest.cc: In function 'int main()':
conftest.cc:26:9: error: 'exit' was not declared in this scope
configure:4812: $? = 1
configure: failed program was:
| /* confdefs.h.  */
| 
| #define PACKAGE_NAME "libposix-aio"
| #define PACKAGE_TARNAME "libposix-aio"
| #define PACKAGE_VERSION "0.8.1"
| #define PACKAGE_STRING "libposix-aio 0.8.1"
| #define PACKAGE_BUGREPORT "Sebastien.Dugue@bull.net"
| #define PACKAGE "libposix-aio"
| #define VERSION "0.8.1"
| #define STDC_HEADERS 1
| #define HAVE_SYS_TYPES_H 1
| #define HAVE_SYS_STAT_H 1
| #define HAVE_STDLIB_H 1
| #define HAVE_STRING_H 1
| #define HAVE_MEMORY_H 1
| #define HAVE_STRINGS_H 1
| #define HAVE_INTTYPES_H 1
| #define HAVE_STDINT_H 1
| #define HAVE_UNISTD_H 1
| #define HAVE_DLFCN_H 1
| /* end confdefs.h.  */
| 
| int
| main ()
| {
| exit (42);
|   ;
|   return 0;
| }
configure:4761: g++ -c -g -O2  conftest.cc >&5
conftest.cc:22:40: error: 'void std::exit(int)' should have been declared inside 'std'
configure:4767: $? = 1
configure: failed program was:
| /* confdefs.h.  */
| 
| #define PACKAGE_NAME "libposix-aio"
| #define PACKAGE_TARNAME "libposix-aio"
| #define PACKAGE_VERSION "0.8.1"
| #define PACKAGE_STRING "libposix-aio 0.8.1"
| #define PACKAGE_BUGREPORT "Sebastien.Dugue@bull.net"
| #define PACKAGE "libposix-aio"
| #define VERSION "0.8.1"
| #define STDC_HEADERS 1
| #define HAVE_SYS_TYPES_H 1
| #define HAVE_SYS_STAT_H 1
| #define HAVE_STDLIB_H 1
| #define HAVE_STRING_H 1
| #define HAVE_MEMORY_H 1
| #define HAVE_STRINGS_H 1
| #define HAVE_INTTYPES_H 1
| #define HAVE_STDINT_H 1
| #define HAVE_UNISTD_H 1
| #define HAVE_DLFCN_H 1
| /* end confdefs.h.  */
| extern "C" void std::exit (int) throw (); using std::exit;
| #include <stdlib.h>
| int
| main ()
| {
| exit (42);
|   ;
|   return 0;
| }
configure:4761: g++ -c -g -O2  conftest.cc >&5
conftest.cc:22:31: error: 'void std::exit(int)' should have been declared inside 'std'
In file included from conftest.cc:23:0:
/usr/include/stdlib.h:542:70: error: declaration of 'void std::exit(int) throw ()' has a different exception specifier
conftest.cc:22:17: error: from previous declaration 'void std::exit(int)'
configure:4767: $? = 1
configure: failed program was:
| /* confdefs.h.  */
| 
| #define PACKAGE_NAME "libposix-aio"
| #define PACKAGE_TARNAME "libposix-aio"
| #define PACKAGE_VERSION "0.8.1"
| #define PACKAGE_STRING "libposix-aio 0.8.1"
| #define PACKAGE_BUGREPORT "Sebastien.Dugue@bull.net"
| #define PACKAGE "libposix-aio"
| #define VERSION "0.8.1"
| #define STDC_HEADERS 1
| #define HAVE_SYS_TYPES_H 1
| #define HAVE_SYS_STAT_H 1
| #define HAVE_STDLIB_H 1
| #define HAVE_STRING_H 1
| #define HAVE_MEMORY_H 1
| #define HAVE_STRINGS_H 1
| #define HAVE_INTTYPES_H 1
| #define HAVE_STDINT_H 1
| #define HAVE_UNISTD_H 1
| #define HAVE_DLFCN_H 1
| /* end confdefs.h.  */
| extern "C" void std::exit (int); using std::exit;
| #include <stdlib.h>
| int
| main ()
| {
| exit (42);
|   ;
|   return 0;
| }
configure:4761: g++ -c -g -O2  conftest.cc >&5
configure:4767: $? = 0
configure:4771: test -z 
			 || test ! -s conftest.err
configure:4774: $? = 0
configure:4777: test -s conftest.o
configure:4780: $? = 0
configure:4806: g++ -c -g -O2  conftest.cc >&5
configure:4812: $? = 0
configure:4816: test -z 
			 || test ! -s conftest.err
configure:4819: $? = 0
configure:4822: test -s conftest.o
configure:4825: $? = 0
configure:4850: checking dependency style of g++
configure:4940: result: gcc3
configure:4967: checking how to run the C++ preprocessor
configure:4998: g++ -E  conftest.cc
configure:5004: $? = 0
configure:5036: g++ -E  conftest.cc
conftest.cc:25:28: fatal error: ac_nonexistent.h: No such file or directory
compilation terminated.
configure:5042: $? = 1
configure: failed program was:
| /* confdefs.h.  */
| 
| #define PACKAGE_NAME "libposix-aio"
| #define PACKAGE_TARNAME "libposix-aio"
| #define PACKAGE_VERSION "0.8.1"
| #define PACKAGE_STRING "libposix-aio 0.8.1"
| #define PACKAGE_BUGREPORT "Sebastien.Dugue@bull.net"
| #define PACKAGE "libposix-aio"
| #define VERSION "0.8.1"
| #define STDC_HEADERS 1
| #define HAVE_SYS_TYPES_H 1
| #define HAVE_SYS_STAT_H 1
| #define HAVE_STDLIB_H 1
| #define HAVE_STRING_H 1
| #define HAVE_MEMORY_H 1
| #define HAVE_STRINGS_H 1
| #define HAVE_INTTYPES_H 1
| #define HAVE_STDINT_H 1
| #define HAVE_UNISTD_H 1
| #define HAVE_DLFCN_H 1
| #ifdef __cplusplus
| extern "C" void exit (int) throw ();
| #endif
| /* end confdefs.h.  */
| #include <ac_nonexistent.h>
configure:5081: result: g++ -E
configure:5105: g++ -E  conftest.cc
configure:5111: $? = 0
configure:5143: g++ -E  conftest.cc
conftest.cc:25:28: fatal error: ac_nonexistent.h: No such file or directory
compilation terminated.
configure:5149: $? = 1
configure: failed program was:
| /* confdefs.h.  */
| 
| #define PACKAGE_NAME "libposix-aio"
| #define PACKAGE_TARNAME "libposix-aio"
| #define PACKAGE_VERSION "0.8.1"
| #define PACKAGE_STRING "libposix-aio 0.8.1"
| #define PACKAGE_BUGREPORT "Sebastien.Dugue@bull.net"
| #define PACKAGE "libposix-aio"
| #define VERSION "0.8.1"
| #define STDC_HEADERS 1
| #define HAVE_SYS_TYPES_H 1
| #define HAVE_SYS_STAT_H 1
| #define HAVE_STDLIB_H 1
| #define HAVE_STRING_H 1
| #define HAVE_MEMORY_H 1
| #define HAVE_STRINGS_H 1
| #define HAVE_INTTYPES_H 1
| #define HAVE_STDINT_H 1
| #define HAVE_UNISTD_H 1
| #define HAVE_DLFCN_H 1
| #ifdef __cplusplus
| extern "C" void exit (int) throw ();
| #endif
| /* end confdefs.h.  */
| #include <ac_nonexistent.h>
configure:5246: checking for g77
configure:5275: result: no
configure:5246: checking for f77
configure:5275: result: no
configure:5246: checking for xlf
configure:5275: result: no
configure:5246: checking for frt
configure:5275: result: no
configure:5246: checking for pgf77
configure:5275: result: no
configure:5246: checking for fort77
configure:5275: result: no
configure:5246: checking for fl32
configure:5275: result: no
configure:5246: checking for af77
configure:5275: result: no
configure:5246: checking for f90
configure:5275: result: no
configure:5246: checking for xlf90
configure:5275: result: no
configure:5246: checking for pgf90
configure:5275: result: no
configure:5246: checking for epcf90
configure:5275: result: no
configure:5246: checking for f95
configure:5275: result: no
configure:5246: checking for fort
configure:5275: result: no
configure:5246: checking for xlf95
configure:5275: result: no
configure:5246: checking for ifc
configure:5275: result: no
configure:5246: checking for efc
configure:5275: result: no
configure:5246: checking for pgf95
configure:5275: result: no
configure:5246: checking for lf95
configure:5275: result: no
configure:5246: checking for gfortran
configure:5275: result: no
configure:5287: checking for Fortran 77 compiler version
configure:5290:  --version </dev/null >&5
./configure: line 5291: --version: command not found
configure:5293: $? = 127
configure:5295:  -v </dev/null >&5
./configure: line 5296: -v: command not found
configure:5298: $? = 127
configure:5300:  -V </dev/null >&5
./configure: line 5301: -V: command not found
configure:5303: $? = 127
configure:5311: checking whether we are using the GNU Fortran 77 compiler
configure:5325:  -c  conftest.F >&5
./configure: line 5326: -c: command not found
configure:5331: $? = 127
configure: failed program was:
|       program main
| #ifndef __GNUC__
|        choke me
| #endif
| 
|       end
configure:5357: result: no
configure:5363: checking whether  accepts -g
configure:5375:  -c -g conftest.f >&5
./configure: line 5376: -c: command not found
configure:5381: $? = 127
configure: failed program was:
|       program main
| 
|       end
configure:5406: result: no
configure:5436: checking the maximum length of command line arguments
configure:5545: result: 32768
configure:5556: checking command to parse /usr/bin/nm -B output from gcc object
configure:5661: gcc -c -g -O2  conftest.c >&5
configure:5664: $? = 0
configure:5668: /usr/bin/nm -B conftest.o \| sed -n -e 's/^.*[ 	]\([ABCDGIRSTW][ABCDGIRSTW]*\)[ 	][ 	]*\([_A-Za-z][_A-Za-z0-9]*\)$/\1 \2 \2/p' \> conftest.nm
configure:5671: $? = 0
configure:5723: gcc -o conftest -g -O2   conftest.c conftstm.o >&5
configure:5726: $? = 0
configure:5764: result: ok
configure:5768: checking for objdir
configure:5783: result: .libs
configure:5873: checking for ar
configure:5889: found /usr/bin/ar
configure:5900: result: ar
configure:5953: checking for ranlib
configure:5969: found /usr/bin/ranlib
configure:5980: result: ranlib
configure:6033: checking for strip
configure:6049: found /usr/bin/strip
configure:6060: result: strip
configure:6332: checking if gcc supports -fno-rtti -fno-exceptions
configure:6350: gcc -c -g -O2  -fno-rtti -fno-exceptions conftest.c >&5
cc1: warning: command line option '-fno-rtti' is valid for C++/ObjC++ but not for C [enabled by default]
configure:6354: $? = 0
configure:6367: result: no
configure:6382: checking for gcc option to produce PIC
configure:6592: result: -fPIC
configure:6600: checking if gcc PIC flag -fPIC works
configure:6618: gcc -c -g -O2  -fPIC -DPIC conftest.c >&5
configure:6622: $? = 0
configure:6635: result: yes
configure:6663: checking if gcc static flag -static works
configure:6691: result: yes
configure:6701: checking if gcc supports -c -o file.o
configure:6722: gcc -c -g -O2  -o out/conftest2.o conftest.c >&5
configure:6726: $? = 0
configure:6748: result: yes
configure:6774: checking whether the gcc linker (/usr/bin/ld -m elf_x86_64) supports shared libraries
configure:7732: result: yes
configure:7753: checking whether -lc should be explicitly linked in
configure:7758: gcc -c -g -O2  conftest.c >&5
configure:7761: $? = 0
configure:7776: gcc -shared conftest.o  -v -Wl,-soname -Wl,conftest -o conftest 2\>\&1 \| grep  -lc  \>/dev/null 2\>\&1
configure:7779: $? = 0
configure:7791: result: no
configure:7799: checking dynamic linker characteristics
configure:8192: gcc -c -g -O2  conftest.c >&5
configure:8195: $? = 0
configure:8408: result: GNU/Linux ld.so
configure:8417: checking how to hardcode library paths into programs
configure:8442: result: immediate
configure:8456: checking whether stripping libraries is possible
configure:8461: result: yes
configure:9295: checking if libtool supports shared libraries
configure:9297: result: yes
configure:9300: checking whether to build shared libraries
configure:9321: result: yes
configure:9324: checking whether to build static libraries
configure:9328: result: yes
configure:9420: creating libtool
configure:10008: checking for ld used by g++
configure:10075: result: /usr/bin/ld -m elf_x86_64
configure:10084: checking if the linker (/usr/bin/ld -m elf_x86_64) is GNU ld
configure:10099: result: yes
configure:10150: checking whether the g++ linker (/usr/bin/ld -m elf_x86_64) supports shared libraries
configure:11088: result: yes
configure:11106: g++ -c -g -O2  conftest.cpp >&5
configure:11109: $? = 0
configure:11228: checking for g++ option to produce PIC
configure:11502: result: -fPIC
configure:11510: checking if g++ PIC flag -fPIC works
configure:11528: g++ -c -g -O2  -fPIC -DPIC conftest.cpp >&5
configure:11532: $? = 0
configure:11545: result: yes
configure:11573: checking if g++ static flag -static works
configure:11601: result: yes
configure:11611: checking if g++ supports -c -o file.o
configure:11632: g++ -c -g -O2  -o out/conftest2.o conftest.cpp >&5
configure:11636: $? = 0
configure:11658: result: yes
configure:11684: checking whether the g++ linker (/usr/bin/ld -m elf_x86_64) supports shared libraries
configure:11709: result: yes
configure:11776: checking dynamic linker characteristics
configure:12169: g++ -c -g -O2  conftest.cpp >&5
configure:12172: $? = 0
configure:12385: result: GNU/Linux ld.so
configure:12394: checking how to hardcode library paths into programs
configure:12419: result: immediate
configure:18627: checking pthread.h usability
configure:18639: gcc -c -g -O2  conftest.c >&5
configure:18645: $? = 0
configure:18649: test -z 
			 || test ! -s conftest.err
configure:18652: $? = 0
configure:18655: test -s conftest.o
configure:18658: $? = 0
configure:18668: result: yes
configure:18672: checking pthread.h presence
configure:18682: gcc -E  conftest.c
configure:18688: $? = 0
configure:18708: result: yes
configure:18743: checking for pthread.h
configure:18750: result: yes
configure:18764: checking for pthread_create in -lpthread
configure:18794: gcc -o conftest -g -O2   conftest.c -lpthread   >&5
configure:18800: $? = 0
configure:18804: test -z 
			 || test ! -s conftest.err
configure:18807: $? = 0
configure:18810: test -s conftest
configure:18813: $? = 0
configure:18826: result: yes
configure:18853: checking for special C compiler options needed for large files
configure:18952: result: no
configure:18958: checking for _FILE_OFFSET_BITS value needed for large files
configure:18989: gcc -c -D_GNU_SOURCE  conftest.c >&5
configure:18995: $? = 0
configure:18999: test -z 
			 || test ! -s conftest.err
configure:19002: $? = 0
configure:19005: test -s conftest.o
configure:19008: $? = 0
configure:19073: result: no
configure:19083: checking for _LARGE_FILES value needed for large files
configure:19114: gcc -c -D_GNU_SOURCE  conftest.c >&5
configure:19120: $? = 0
configure:19124: test -z 
			 || test ! -s conftest.err
configure:19127: $? = 0
configure:19130: test -s conftest.o
configure:19133: $? = 0
configure:19198: result: no
configure:19214: checking where to put test files
configure:19224: result: .
configure:19233: checking for default value for max events
configure:19270: gcc -o conftest -D_GNU_SOURCE   conftest.c -lpthread  >&5
configure:19273: $? = 0
configure:19275: ./conftest
configure:19278: $? = 1
configure: program exited with status 1
configure: failed program was:
| /* confdefs.h.  */
| 
| #define PACKAGE_NAME "libposix-aio"
| #define PACKAGE_TARNAME "libposix-aio"
| #define PACKAGE_VERSION "0.8.1"
| #define PACKAGE_STRING "libposix-aio 0.8.1"
| #define PACKAGE_BUGREPORT "Sebastien.Dugue@bull.net"
| #define PACKAGE "libposix-aio"
| #define VERSION "0.8.1"
| #define STDC_HEADERS 1
| #define HAVE_SYS_TYPES_H 1
| #define HAVE_SYS_STAT_H 1
| #define HAVE_STDLIB_H 1
| #define HAVE_STRING_H 1
| #define HAVE_MEMORY_H 1
| #define HAVE_STRINGS_H 1
| #define HAVE_INTTYPES_H 1
| #define HAVE_STDINT_H 1
| #define HAVE_UNISTD_H 1
| #define HAVE_DLFCN_H 1
| #ifdef __cplusplus
| extern "C" void exit (int) throw ();
| #endif
| #define HAVE_PTHREAD_H 1
| #define HAVE_LIBPTHREAD 1
| /* end confdefs.h.  */
| 
| #include <unistd.h>
| #include <sys/syscall.h>
| 
| typedef struct io_context *io_context_t;
| 
| int main()
| {
| 	int ret;
| 
| 	struct io_context *ctx = NULL;
| 
| 	ret = syscall (SYS_io_setup, 0, &ctx);
| 	if (ret)
| 		return 1;
| 
| 	syscall (SYS_io_destroy, ctx);
| 	return 0;
| }
| 
configure:19295: result: no
configure:19310: checking for signal support on AIO completion
configure:19453: gcc -o conftest -D_GNU_SOURCE   conftest.c -lpthread  >&5
conftest.c: In function 'main':
conftest.c:123:2: warning: incompatible implicit declaration of built-in function 'memset' [enabled by default]
configure:19456: $? = 0
configure:19458: ./conftest
io_submit: Invalid argument
configure:19461: $? = 5
configure: program exited with status 5
configure: failed program was:
| /* confdefs.h.  */
| 
| #define PACKAGE_NAME "libposix-aio"
| #define PACKAGE_TARNAME "libposix-aio"
| #define PACKAGE_VERSION "0.8.1"
| #define PACKAGE_STRING "libposix-aio 0.8.1"
| #define PACKAGE_BUGREPORT "Sebastien.Dugue@bull.net"
| #define PACKAGE "libposix-aio"
| #define VERSION "0.8.1"
| #define STDC_HEADERS 1
| #define HAVE_SYS_TYPES_H 1
| #define HAVE_SYS_STAT_H 1
| #define HAVE_STDLIB_H 1
| #define HAVE_STRING_H 1
| #define HAVE_MEMORY_H 1
| #define HAVE_STRINGS_H 1
| #define HAVE_INTTYPES_H 1
| #define HAVE_STDINT_H 1
| #define HAVE_UNISTD_H 1
| #define HAVE_DLFCN_H 1
| #ifdef __cplusplus
| extern "C" void exit (int) throw ();
| #endif
| #define HAVE_PTHREAD_H 1
| #define HAVE_LIBPTHREAD 1
| /* end confdefs.h.  */
| 
| #include <unistd.h>
| #include <malloc.h>
| #include <signal.h>
| #include <sys/types.h>
| #include <sys/stat.h>
| #include <fcntl.h>
| #include <endian.h>
| #include <syscall.h>
| 
| #define IO_CMD_PWRITE 1
| 
| #if __WORDSIZE == 64
| # define PADDED(__type, __name)	__type __name;
| # elif __WORDSIZE == 32
| #  if defined(__LITTLE_ENDIAN)
| #   define PADDED(__type, __name) __type __name; int __pad_##__name
| #  elif defined(__BIG_ENDIAN)
| #   define PADDED(__type, __name) int __pad_##__name; \ __type __name
| #  else
| #   error edit for your odd byteorder.
| # endif /* _ENDIAN */
| #else
| # error edit for your odd word size.
| #endif /* __WORDSIZE */
| 
| struct iocb {
| 	PADDED(void *,		data);
| 	unsigned int		key;
| 	unsigned int		aio_reserved1;
| 
| 	short			aio_lio_opcode;
| 	short			aio_reqprio;
| 	int			aio_fildes;
| 
| 	PADDED(volatile void *,	aio_buf);
| 	PADDED(unsigned long,	aio_nbytes);
| 	long long		offset;
| 
| 	PADDED(struct sigevent *,sigevent);
| 	PADDED(unsigned long,	reserved);
| };
| 
| struct io_event {
| 	PADDED(unsigned long,	data);
| 	PADDED(unsigned long,	obj);
| 	long long		res;
| 	long long		res2;
| };
| 
| #define SIZE	1024
| 
| static struct io_context *ctx = NULL;
| static int have_aio_signal = 1;
| 
| void sigrt1_handler(int signum, siginfo_t *info, void *context)
| {
| 	struct io_event events;
| 	syscall (SYS_io_getevents,ctx, 1, 1, &events, NULL);
| 	have_aio_signal = 0;
| }
| 
| int main()
| {
| 	int ret;
| 	struct sigaction action;
| 	char *buf;
| 	int fd;
| 	struct sigevent event;
| 	struct iocb iocb;
| 	struct iocb *iocbs[1];
| 
| 	action.sa_sigaction = sigrt1_handler;
| 	sigemptyset(&action.sa_mask);
| 	action.sa_flags = SA_SIGINFO|SA_RESTART;
| 	sigaction(SIGRTMIN+1, &action, NULL);
| 
| 	buf = memalign(512, SIZE);
| 	if (buf == NULL) {
| 		perror("malloc");
| 		return 2;
| 	}
| 
| 	fd = open("./test_event", O_RDWR | O_CREAT | O_DIRECT, 0600);
| 	if (fd == -1) {
| 		perror("open");
| 		return 3;
| 	}
| 	unlink("test_event");
| 
| 	ret = syscall (SYS_io_setup, 256, &ctx);
| 	if (ret) {
| 		perror("io_setup");
| 		return 4;
| 	}
| 
| 	memset(&iocb, 0, sizeof(struct iocb));
| 	iocb.aio_fildes = fd;
| 	iocb.aio_lio_opcode = IO_CMD_PWRITE;
| 	iocb.aio_reqprio = 0;
| 	iocb.aio_buf = buf;
| 	iocb.aio_nbytes = SIZE;
| 	iocb.offset = 0;
| 
| 	memset (&event, 0, sizeof (struct sigevent));
| 	event._sigev_un._tid = 0;
| 	event.sigev_signo = SIGRTMIN + 1;
| 	event.sigev_value.sival_ptr = &iocb;
| 
| 	iocb.sigevent = &event;
| 
| 	iocbs[0] = &iocb;
| 	ret = syscall (SYS_io_submit, ctx, 1, iocbs);
| 	if (ret != 1) {
| 		perror("io_submit");
| 		syscall (SYS_io_destroy, ctx);
| 		return 5;
| 	}
| 
| 	sleep(1);
| 
| 	syscall (SYS_io_destroy, ctx);
| 
| 	return have_aio_signal;
| }
| 
configure:19478: result: no
configure:19493: checking for signal support on LIO completion
configure:19648: gcc -o conftest -D_GNU_SOURCE   conftest.c -lpthread  >&5
conftest.c: In function 'main':
conftest.c:126:2: warning: incompatible implicit declaration of built-in function 'memset' [enabled by default]
configure:19651: $? = 0
configure:19653: ./conftest
io_submit: Invalid argument
configure:19656: $? = 5
configure: program exited with status 5
configure: failed program was:
| /* confdefs.h.  */
| 
| #define PACKAGE_NAME "libposix-aio"
| #define PACKAGE_TARNAME "libposix-aio"
| #define PACKAGE_VERSION "0.8.1"
| #define PACKAGE_STRING "libposix-aio 0.8.1"
| #define PACKAGE_BUGREPORT "Sebastien.Dugue@bull.net"
| #define PACKAGE "libposix-aio"
| #define VERSION "0.8.1"
| #define STDC_HEADERS 1
| #define HAVE_SYS_TYPES_H 1
| #define HAVE_SYS_STAT_H 1
| #define HAVE_STDLIB_H 1
| #define HAVE_STRING_H 1
| #define HAVE_MEMORY_H 1
| #define HAVE_STRINGS_H 1
| #define HAVE_INTTYPES_H 1
| #define HAVE_STDINT_H 1
| #define HAVE_UNISTD_H 1
| #define HAVE_DLFCN_H 1
| #ifdef __cplusplus
| extern "C" void exit (int) throw ();
| #endif
| #define HAVE_PTHREAD_H 1
| #define HAVE_LIBPTHREAD 1
| /* end confdefs.h.  */
| 
| #include <unistd.h>
| #include <malloc.h>
| #include <signal.h>
| #include <sys/types.h>
| #include <sys/stat.h>
| #include <fcntl.h>
| #include <endian.h>
| #include <syscall.h>
| 
| #define IO_CMD_PWRITE 1
| #define IO_CMD_GROUP 7
| 
| #if __WORDSIZE == 64
| # define PADDED(__type, __name)	__type __name;
| # elif __WORDSIZE == 32
| #  if defined(__LITTLE_ENDIAN)
| #   define PADDED(__type, __name) __type __name; int __pad_##__name
| #  elif defined(__BIG_ENDIAN)
| #   define PADDED(__type, __name) int __pad_##__name; \ __type __name
| #  else
| #   error edit for your odd byteorder.
| # endif /* _ENDIAN */
| #else
| # error edit for your odd word size.
| #endif /* __WORDSIZE */
| 
| struct iocb {
| 	PADDED(void *,		data);
| 	unsigned int		key;
| 	unsigned int		aio_reserved1;
| 
| 	short			aio_lio_opcode;
| 	short			aio_reqprio;
| 	int			aio_fildes;
| 
| 	PADDED(volatile void *,	aio_buf);
| 	PADDED(unsigned long,	aio_nbytes);
| 	long long		offset;
| 
| 	PADDED(struct sigevent *,sigevent);
| 	PADDED(unsigned long,	reserved);
| };
| 
| struct io_event {
| 	PADDED(unsigned long,	data);
| 	PADDED(unsigned long,	obj);
| 	long long		res;
| 	long long		res2;
| };
| 
| #define SIZE	1024
| 
| static struct io_context *ctx = NULL;
| static int have_lio_signal = 1;
| 
| void sigrt1_handler(int signum, siginfo_t *info, void *context)
| {
| 	struct io_event events;
| 	syscall (SYS_io_getevents, ctx, 1, 1, &events, NULL);
| 	have_lio_signal = 0;
| }
| 
| int main()
| {
| 	int ret;
| 	struct sigaction action;
| 	char *buf;
| 	int fd;
| 	struct sigevent event;
| 	struct iocb iocb[2];
| 	struct iocb *iocbs[2];
| 
| 	action.sa_sigaction = sigrt1_handler;
| 	sigemptyset(&action.sa_mask);
| 	action.sa_flags = SA_SIGINFO|SA_RESTART;
| 	sigaction(SIGRTMIN+1, &action, NULL);
| 
| 	buf = memalign(512, SIZE);
| 	if (buf == NULL) {
| 		perror("malloc");
| 		return 2;
| 	}
| 
| 	fd = open("./test_event", O_RDWR | O_CREAT | O_DIRECT, 0600);
| 	if (fd == -1) {
| 		perror("open");
| 		return 3;
| 	}
| 	unlink("test_event");
| 
| 	ret = syscall (SYS_io_setup, 256, &ctx);
| 	if (ret) {
| 		perror("io_setup");
| 		return 4;
| 	}
| 
| 	iocbs[0] = &iocb[0];
| 
| 	memset(&iocb[0], 0, sizeof(struct iocb));
| 	iocb[0].aio_fildes = 0;
| 	iocb[0].aio_lio_opcode = IO_CMD_GROUP;
| 	iocb[0].aio_reqprio = 0;
| 	iocb[0].aio_buf = NULL;
| 	iocb[0].aio_nbytes = 0;
| 	iocb[0].offset = 0;
| 
| 	memset (&event, 0, sizeof (struct sigevent));
| 	event._sigev_un._tid = 0;
| 	event.sigev_signo = SIGRTMIN + 1;
| 	event.sigev_value.sival_ptr = iocbs[0];
| 	iocb[0].sigevent = &event;
| 
| 	iocbs[1] = &iocb[1];
| 
| 	memset(&iocb[1], 0, sizeof(struct iocb));
| 	iocb[1].aio_fildes = fd;
| 	iocb[1].aio_lio_opcode = IO_CMD_PWRITE;
| 	iocb[1].aio_reqprio = 0;
| 	iocb[1].aio_buf = buf;
| 	iocb[1].aio_nbytes = SIZE;
| 	iocb[1].offset = 0;
| 	iocb[1].sigevent = NULL;
| 
| 	ret = syscall (SYS_io_submit, ctx, 2, iocbs);
| 	if (ret != 2) {
| 	  syscall (SYS_io_destroy, ctx);
| 	  perror("io_submit");
| 	  return 5;
| 	}
| 
| 	sleep(1);
| 
| 	syscall (SYS_io_destroy, ctx);
| 
| 	return have_lio_signal;
| }
| 
configure:19673: result: no
configure:19688: checking for support of LIO wait
configure:19827: gcc -o conftest -D_GNU_SOURCE   conftest.c -lpthread  >&5
conftest.c: In function 'main':
conftest.c:113:2: warning: incompatible implicit declaration of built-in function 'memset' [enabled by default]
configure:19830: $? = 0
configure:19832: ./conftest
io_submit: Invalid argument
configure:19835: $? = 5
configure: program exited with status 5
configure: failed program was:
| /* confdefs.h.  */
| 
| #define PACKAGE_NAME "libposix-aio"
| #define PACKAGE_TARNAME "libposix-aio"
| #define PACKAGE_VERSION "0.8.1"
| #define PACKAGE_STRING "libposix-aio 0.8.1"
| #define PACKAGE_BUGREPORT "Sebastien.Dugue@bull.net"
| #define PACKAGE "libposix-aio"
| #define VERSION "0.8.1"
| #define STDC_HEADERS 1
| #define HAVE_SYS_TYPES_H 1
| #define HAVE_SYS_STAT_H 1
| #define HAVE_STDLIB_H 1
| #define HAVE_STRING_H 1
| #define HAVE_MEMORY_H 1
| #define HAVE_STRINGS_H 1
| #define HAVE_INTTYPES_H 1
| #define HAVE_STDINT_H 1
| #define HAVE_UNISTD_H 1
| #define HAVE_DLFCN_H 1
| #ifdef __cplusplus
| extern "C" void exit (int) throw ();
| #endif
| #define HAVE_PTHREAD_H 1
| #define HAVE_LIBPTHREAD 1
| /* end confdefs.h.  */
| 
| #include <unistd.h>
| #include <malloc.h>
| #include <signal.h>
| #include <sys/types.h>
| #include <sys/stat.h>
| #include <fcntl.h>
| #include <endian.h>
| #include <syscall.h>
| 
| #define IO_CMD_PWRITE 1
| #define IO_CMD_GROUP 7
| 
| #if __WORDSIZE == 64
| # define PADDED(__type, __name)	__type __name;
| # elif __WORDSIZE == 32
| #  if defined(__LITTLE_ENDIAN)
| #   define PADDED(__type, __name) __type __name; int __pad_##__name
| #  elif defined(__BIG_ENDIAN)
| #   define PADDED(__type, __name) int __pad_##__name; \ __type __name
| #  else
| #   error edit for your odd byteorder.
| # endif /* _ENDIAN */
| #else
| # error edit for your odd word size.
| #endif /* __WORDSIZE */
| 
| struct iocb {
| 	PADDED(void *,		data);
| 	unsigned int		key;
| 	unsigned int		aio_reserved1;
| 
| 	short			aio_lio_opcode;
| 	short			aio_reqprio;
| 	int			aio_fildes;
| 
| 	PADDED(volatile void *,	aio_buf);
| 	PADDED(unsigned long,	aio_nbytes);
| 	long long		offset;
| 
| 	PADDED(struct sigevent *,sigevent);
| 	PADDED(unsigned long,	reserved);
| };
| 
| struct io_event {
| 	PADDED(unsigned long,	data);
| 	PADDED(unsigned long,	obj);
| 	long long		res;
| 	long long		res2;
| };
| 
| #define SIZE	1024
| 
| static struct io_context *ctx = NULL;
| 
| int main()
| {
| 	int ret;
| 	char *buf;
| 	int fd;
| 	struct iocb iocb[2];
| 	struct iocb *iocbs[2];
| 	struct io_event events;
| 	struct timespec ts = { 0, 0 };
| 
| 	buf = memalign(512, SIZE);
| 	if (buf == NULL) {
| 		perror("malloc");
| 		return 2;
| 	}
| 
| 	fd = open("./test_event", O_RDWR | O_CREAT | O_DIRECT, 0600);
| 	if (fd == -1) {
| 		perror("open");
| 		return 3;
| 	}
| 	unlink("test_event");
| 
| 	ret = syscall (SYS_io_setup, 256, &ctx);
| 	if (ret) {
| 		perror("io_setup");
| 		return 4;
| 	}
| 
| 	iocbs[0] = &iocb[0];
| 
| 	memset(iocbs[0], 0, sizeof(struct iocb));
| 
| 	iocbs[0]->aio_fildes = 0;
| 	iocbs[0]->aio_lio_opcode = IO_CMD_GROUP;
| 	iocbs[0]->aio_reqprio = 0;
| 	iocb[0].aio_buf = NULL;
| 	iocb[0].aio_nbytes = 0;
| 	iocb[0].offset = 0;
| 	iocb[0].sigevent = NULL;
| 
| 	iocbs[1] = &iocb[1];
| 
| 	memset(iocbs[1], 0, sizeof(struct iocb));
| 	iocbs[1]->aio_fildes = fd;
| 	iocbs[1]->aio_lio_opcode = IO_CMD_PWRITE;
| 	iocbs[1]->aio_reqprio = 0;
| 	iocb[1].aio_buf = buf;
| 	iocb[1].aio_nbytes = SIZE;
| 	iocb[1].offset = 0;
| 	iocb[1].sigevent = NULL;
| 
| 	ret = syscall (SYS_io_submit, ctx, 2, iocbs);
| 	if (ret != 2) {
| 		syscall (SYS_io_destroy, ctx);
| 		perror("io_submit");
| 		return 5;
| 	}
| 	ret = syscall (SYS_io_getevents, ctx, 1, 1, &events, &ts);
| 	if (ret != 1) {
| 		return 6;
| 	}
| 	syscall (SYS_io_destroy, ctx);
| 
| 	return 0;
| }
| 
configure:19852: result: no
configure:19867: checking for AIO cancel on file descriptor
configure:19958: gcc -o conftest -D_GNU_SOURCE   conftest.c -lpthread  >&5
conftest.c: In function 'main':
conftest.c:85:2: warning: incompatible implicit declaration of built-in function 'memset' [enabled by default]
configure:19961: $? = 0
configure:19963: ./conftest
configure:19966: $? = 2
configure: program exited with status 2
configure: failed program was:
| /* confdefs.h.  */
| 
| #define PACKAGE_NAME "libposix-aio"
| #define PACKAGE_TARNAME "libposix-aio"
| #define PACKAGE_VERSION "0.8.1"
| #define PACKAGE_STRING "libposix-aio 0.8.1"
| #define PACKAGE_BUGREPORT "Sebastien.Dugue@bull.net"
| #define PACKAGE "libposix-aio"
| #define VERSION "0.8.1"
| #define STDC_HEADERS 1
| #define HAVE_SYS_TYPES_H 1
| #define HAVE_SYS_STAT_H 1
| #define HAVE_STDLIB_H 1
| #define HAVE_STRING_H 1
| #define HAVE_MEMORY_H 1
| #define HAVE_STRINGS_H 1
| #define HAVE_INTTYPES_H 1
| #define HAVE_STDINT_H 1
| #define HAVE_UNISTD_H 1
| #define HAVE_DLFCN_H 1
| #ifdef __cplusplus
| extern "C" void exit (int) throw ();
| #endif
| #define HAVE_PTHREAD_H 1
| #define HAVE_LIBPTHREAD 1
| /* end confdefs.h.  */
| 
| #include <unistd.h>
| #include <endian.h>
| #include <syscall.h>
| 
| #define IO_CMD_NOOP 6
| 
| #if __WORDSIZE == 64
| # define PADDED(__type, __name)	__type __name;
| # elif __WORDSIZE == 32
| #  if defined(__LITTLE_ENDIAN)
| #   define PADDED(__type, __name) __type __name; int __pad_##__name
| #  elif defined(__BIG_ENDIAN)
| #   define PADDED(__type, __name) int __pad_##__name; \ __type __name
| #  else
| #   error edit for your odd byteorder.
| # endif /* _ENDIAN */
| #else
| # error edit for your odd word size.
| #endif /* __WORDSIZE */
| 
| struct iocb {
| 	PADDED(void *,		data);
| 	unsigned int		key;
| 	unsigned int		aio_reserved1;
| 
| 	short			aio_lio_opcode;
| 	short			aio_reqprio;
| 	int			aio_fildes;
| 
| 	PADDED(volatile void *,	aio_buf);
| 	PADDED(unsigned long,	aio_nbytes);
| 	long long		offset;
| 
| 	PADDED(struct sigevent *,sigevent);
| 	PADDED(unsigned long,	reserved);
| };
| 
| struct io_event {
| 	PADDED(unsigned long,	data);
| 	PADDED(unsigned long,	obj);
| 	long long		res;
| 	long long		res2;
| };
| 
| static struct io_context *ctx = NULL;
| 
| int main()
| {
| 	int ret;
| 	struct iocb a;
| 
| 	ret = syscall (SYS_io_setup, 256, &ctx);
| 	if (ret) {
| 		perror("io_setup");
| 		return 1;
| 	}
| 
| 	memset(&a, 0, sizeof(struct iocb));
| 	a.aio_fildes = STDIN_FILENO;
| 	a.aio_lio_opcode = IO_CMD_NOOP;
| 	a.aio_reqprio = 0;
| 	a.aio_buf = NULL;
| 	a.aio_nbytes = 0;
| 	a.offset = 0;
| 	a.sigevent = NULL;
| 
| 	ret = syscall (SYS_io_cancel, ctx, &a, NULL);
| 	if (ret < 0)
| 		return 2;
| 
| 	return 0;
| }
| 
configure:19983: result: no
configure:19994: checking for buffered AIO
configure:20012: result: no
configure:20043: checking for library suffix to use
configure:20062: result: 64
configure:20192: creating ./config.status

## ---------------------- ##
## Running config.status. ##
## ---------------------- ##

This file was extended by libposix-aio config.status 0.8.1, which was
generated by GNU Autoconf 2.59.  Invocation command line was

  CONFIG_FILES    = 
  CONFIG_HEADERS  = 
  CONFIG_LINKS    = 
  CONFIG_COMMANDS = 
  $ ./config.status 

on dev

config.status:719: creating Makefile
config.status:719: creating include/Makefile
config.status:719: creating src/Makefile
config.status:719: creating check/Makefile
config.status:823: creating config.h
config.status:1115: executing depfiles commands

## ---------------- ##
## Cache variables. ##
## ---------------- ##

ac_cv_build=x86_64-unknown-linux-gnu
ac_cv_build_alias=x86_64-unknown-linux-gnu
ac_cv_c_compiler_gnu=yes
ac_cv_cxx_compiler_gnu=yes
ac_cv_env_CC_set=
ac_cv_env_CC_value=
ac_cv_env_CFLAGS_set=
ac_cv_env_CFLAGS_value=
ac_cv_env_CPPFLAGS_set=
ac_cv_env_CPPFLAGS_value=
ac_cv_env_CPP_set=
ac_cv_env_CPP_value=
ac_cv_env_CXXCPP_set=
ac_cv_env_CXXCPP_value=
ac_cv_env_CXXFLAGS_set=
ac_cv_env_CXXFLAGS_value=
ac_cv_env_CXX_set=
ac_cv_env_CXX_value=
ac_cv_env_F77_set=
ac_cv_env_F77_value=
ac_cv_env_FFLAGS_set=
ac_cv_env_FFLAGS_value=
ac_cv_env_LDFLAGS_set=
ac_cv_env_LDFLAGS_value=
ac_cv_env_build_alias_set=
ac_cv_env_build_alias_value=
ac_cv_env_host_alias_set=
ac_cv_env_host_alias_value=
ac_cv_env_target_alias_set=
ac_cv_env_target_alias_value=
ac_cv_exeext=
ac_cv_f77_compiler_gnu=no
ac_cv_header_dlfcn_h=yes
ac_cv_header_inttypes_h=yes
ac_cv_header_memory_h=yes
ac_cv_header_pthread_h=yes
ac_cv_header_stdc=yes
ac_cv_header_stdint_h=yes
ac_cv_header_stdlib_h=yes
ac_cv_header_string_h=yes
ac_cv_header_strings_h=yes
ac_cv_header_sys_stat_h=yes
ac_cv_header_sys_types_h=yes
ac_cv_header_unistd_h=yes
ac_cv_host=x86_64-unknown-linux-gnu
ac_cv_host_alias=x86_64-unknown-linux-gnu
ac_cv_lib_pthread_pthread_create=yes
ac_cv_objext=o
ac_cv_path_install='/usr/bin/install -c'
ac_cv_prog_AWK=gawk
ac_cv_prog_CPP='gcc -E'
ac_cv_prog_CXXCPP='g++ -E'
ac_cv_prog_ac_ct_AR=ar
ac_cv_prog_ac_ct_CC=gcc
ac_cv_prog_ac_ct_CXX=g++
ac_cv_prog_ac_ct_RANLIB=ranlib
ac_cv_prog_ac_ct_STRIP=strip
ac_cv_prog_cc_g=yes
ac_cv_prog_cc_stdc=
ac_cv_prog_cxx_g=yes
ac_cv_prog_egrep='grep -E'
ac_cv_prog_f77_g=no
ac_cv_prog_make_make_set=yes
ac_cv_sys_file_offset_bits=no
ac_cv_sys_large_files=no
ac_cv_sys_largefile_CC=no
am_cv_CC_dependencies_compiler_type=gcc3
am_cv_CXX_dependencies_compiler_type=gcc3
lt_cv_deplibs_check_method=pass_all
lt_cv_file_magic_cmd='$MAGIC_CMD'
lt_cv_file_magic_test_file=
lt_cv_ld_reload_flag=-r
lt_cv_objdir=.libs
lt_cv_path_LD=/usr/bin/ld
lt_cv_path_LDCXX='/usr/bin/ld -m elf_x86_64'
lt_cv_path_NM='/usr/bin/nm -B'
lt_cv_path_SED=/bin/sed
lt_cv_prog_compiler_c_o=yes
lt_cv_prog_compiler_c_o_CXX=yes
lt_cv_prog_compiler_rtti_exceptions=no
lt_cv_prog_gnu_ld=yes
lt_cv_prog_gnu_ldcxx=yes
lt_cv_sys_global_symbol_pipe='sed -n -e '\''s/^.*[ 	]\([ABCDGIRSTW][ABCDGIRSTW]*\)[ 	][ 	]*\([_A-Za-z][_A-Za-z0-9]*\)$/\1 \2 \2/p'\'''
lt_cv_sys_global_symbol_to_c_name_address='sed -n -e '\''s/^: \([^ ]*\) $/  {\"\1\", (lt_ptr) 0},/p'\'' -e '\''s/^[BCDEGRST] \([^ ]*\) \([^ ]*\)$/  {"\2", (lt_ptr) \&\2},/p'\'''
lt_cv_sys_global_symbol_to_cdecl='sed -n -e '\''s/^. .* \(.*\)$/extern int \1;/p'\'''
lt_cv_sys_max_cmd_len=32768
lt_lt_cv_prog_compiler_c_o='"yes"'
lt_lt_cv_prog_compiler_c_o_CXX='"yes"'
lt_lt_cv_sys_global_symbol_pipe='"sed -n -e '\''s/^.*[ 	]\\([ABCDGIRSTW][ABCDGIRSTW]*\\)[ 	][ 	]*\\([_A-Za-z][_A-Za-z0-9]*\\)\$/\\1 \\2 \\2/p'\''"'
lt_lt_cv_sys_global_symbol_to_c_name_address='"sed -n -e '\''s/^: \\([^ ]*\\) \$/  {\\\"\\1\\\", (lt_ptr) 0},/p'\'' -e '\''s/^[BCDEGRST] \\([^ ]*\\) \\([^ ]*\\)\$/  {\"\\2\", (lt_ptr) \\&\\2},/p'\''"'
lt_lt_cv_sys_global_symbol_to_cdecl='"sed -n -e '\''s/^. .* \\(.*\\)\$/extern int \\1;/p'\''"'

## ----------------- ##
## Output variables. ##
## ----------------- ##

ACLOCAL='${SHELL} /ws/vy/fds/source/tools/pharos/libposix-aio-0.8.1/missing --run aclocal-1.9'
AMDEPBACKSLASH='\'
AMDEP_FALSE='#'
AMDEP_TRUE=''
AMTAR='${SHELL} /ws/vy/fds/source/tools/pharos/libposix-aio-0.8.1/missing --run tar'
AR='ar'
AUTOCONF='${SHELL} /ws/vy/fds/source/tools/pharos/libposix-aio-0.8.1/missing --run autoconf'
AUTOHEADER='${SHELL} /ws/vy/fds/source/tools/pharos/libposix-aio-0.8.1/missing --run autoheader'
AUTOMAKE='${SHELL} /ws/vy/fds/source/tools/pharos/libposix-aio-0.8.1/missing --run automake-1.9'
AWK='gawk'
CC='gcc'
CCDEPMODE='depmode=gcc3'
CFLAGS='-g -O2'
CPP='gcc -E'
CPPFLAGS=''
CXX='g++'
CXXCPP='g++ -E'
CXXDEPMODE='depmode=gcc3'
CXXFLAGS='-g -O2'
CYGPATH_W='echo'
DEBUG_FALSE=''
DEBUG_TRUE='#'
DEFS='-DHAVE_CONFIG_H'
DEPDIR='.deps'
ECHO='echo'
ECHO_C=''
ECHO_N='-n'
ECHO_T=''
EGREP='grep -E'
EXEEXT=''
F77=''
FFLAGS=''
INSTALL_DATA='${INSTALL} -m 644'
INSTALL_PROGRAM='${INSTALL}'
INSTALL_SCRIPT='${INSTALL}'
INSTALL_STRIP_PROGRAM='${SHELL} $(install_sh) -c -s'
LDFLAGS=''
LIBOBJS=''
LIBS='-lpthread '
LIBTOOL='$(SHELL) $(top_builddir)/libtool'
LN_S='ln -s'
LTLIBOBJS=''
MAKEINFO='${SHELL} /ws/vy/fds/source/tools/pharos/libposix-aio-0.8.1/missing --run makeinfo'
OBJEXT='o'
PACKAGE='libposix-aio'
PACKAGE_BUGREPORT='Sebastien.Dugue@bull.net'
PACKAGE_NAME='libposix-aio'
PACKAGE_STRING='libposix-aio 0.8.1'
PACKAGE_TARNAME='libposix-aio'
PACKAGE_VERSION='0.8.1'
PATH_SEPARATOR=':'
RANLIB='ranlib'
SET_MAKE=''
SHELL='/bin/bash'
STRIP='strip'
VERSION='0.8.1'
ac_ct_AR='ar'
ac_ct_CC='gcc'
ac_ct_CXX='g++'
ac_ct_F77=''
ac_ct_RANLIB='ranlib'
ac_ct_STRIP='strip'
am__fastdepCC_FALSE='#'
am__fastdepCC_TRUE=''
am__fastdepCXX_FALSE='#'
am__fastdepCXX_TRUE=''
am__include='include'
am__leading_dot='.'
am__quote=''
am__tar='${AMTAR} chof - "$$tardir"'
am__untar='${AMTAR} xf -'
bindir='${exec_prefix}/bin'
build='x86_64-unknown-linux-gnu'
build_alias=''
build_cpu='x86_64'
build_os='linux-gnu'
build_vendor='unknown'
datadir='${prefix}/share'
exec_prefix='${prefix}'
host='x86_64-unknown-linux-gnu'
host_alias=''
host_cpu='x86_64'
host_os='linux-gnu'
host_vendor='unknown'
includedir='${prefix}/include'
infodir='${prefix}/info'
install_sh='/ws/vy/fds/source/tools/pharos/libposix-aio-0.8.1/install-sh'
libdir='/usr/local/lib64'
libexecdir='${exec_prefix}/libexec'
localstatedir='${prefix}/var'
mandir='${prefix}/man'
mkdir_p='mkdir -p --'
oldincludedir='/usr/include'
prefix='/usr/local'
program_transform_name='s,x,x,'
sbindir='${exec_prefix}/sbin'
sharedstatedir='${prefix}/com'
sysconfdir='${prefix}/etc'
target_alias=''

## ----------- ##
## confdefs.h. ##
## ----------- ##

#define HAVE_DLFCN_H 1
#define HAVE_INTTYPES_H 1
#define HAVE_LIBPTHREAD 1
#define HAVE_MEMORY_H 1
#define HAVE_PTHREAD_H 1
#define HAVE_STDINT_H 1
#define HAVE_STDLIB_H 1
#define HAVE_STRINGS_H 1
#define HAVE_STRING_H 1
#define HAVE_SYS_STAT_H 1
#define HAVE_SYS_TYPES_H 1
#define HAVE_UNISTD_H 1
#define PACKAGE "libposix-aio"
#define PACKAGE_BUGREPORT "Sebastien.Dugue@bull.net"
#define PACKAGE_NAME "libposix-aio"
#define PACKAGE_STRING "libposix-aio 0.8.1"
#define PACKAGE_TARNAME "libposix-aio"
#define PACKAGE_VERSION "0.8.1"
#define STDC_HEADERS 1
#define VERSION "0.8.1"
#endif
#ifdef __cplusplus
extern "C" void exit (int) throw ();

configure: exit 0
